[17-Jan-2022 11:57:59 UTC] PHP Parse error:  syntax error, unexpected 'myFirstFunction' (T_STRING) in C:\Users\user_0\Local Sites\university\app\public\wp-content\themes\university-theme\index.php on line 2
[17-Jan-2022 12:01:29 UTC] PHP Parse error:  syntax error, unexpected '}', expecting ',' or ';' in C:\Users\user_0\Local Sites\university\app\public\wp-content\themes\university-theme\index.php on line 5
[17-Jan-2022 12:01:55 UTC] PHP Parse error:  syntax error, unexpected '}', expecting ',' or ';' in C:\Users\user_0\Local Sites\university\app\public\wp-content\themes\university-theme\index.php on line 5
[19-Jan-2022 12:17:24 UTC] PHP Parse error:  syntax error, unexpected 'if' (T_IF) in C:\Users\user_0\Local Sites\university\app\public\wp-content\themes\university-theme\page.php on line 18
[19-Jan-2022 12:17:44 UTC] PHP Fatal error:  Uncaught Error: Call to undefined function wp_get_post_paret_id() in C:\Users\user_0\Local Sites\university\app\public\wp-content\themes\university-theme\page.php:17
Stack trace:
#0 C:\Users\user_0\Local Sites\university\app\public\wp-includes\template-loader.php(106): include()
#1 C:\Users\user_0\Local Sites\university\app\public\wp-blog-header.php(19): require_once('C:\\Users\\user_0...')
#2 C:\Users\user_0\Local Sites\university\app\public\index.php(17): require('C:\\Users\\user_0...')
#3 {main}
  thrown in C:\Users\user_0\Local Sites\university\app\public\wp-content\themes\university-theme\page.php on line 17
[19-Jan-2022 12:26:21 UTC] PHP Fatal error:  Uncaught Error: Call to undefined function wp_get_post_paret_id() in C:\Users\user_0\Local Sites\university\app\public\wp-content\themes\university-theme\page.php:17
Stack trace:
#0 C:\Users\user_0\Local Sites\university\app\public\wp-includes\template-loader.php(106): include()
#1 C:\Users\user_0\Local Sites\university\app\public\wp-blog-header.php(19): require_once('C:\\Users\\user_0...')
#2 C:\Users\user_0\Local Sites\university\app\public\index.php(17): require('C:\\Users\\user_0...')
#3 {main}
  thrown in C:\Users\user_0\Local Sites\university\app\public\wp-content\themes\university-theme\page.php on line 17
[19-Jan-2022 12:28:20 UTC] PHP Fatal error:  Uncaught Error: Call to undefined function wp_get_post_parentid() in C:\Users\user_0\Local Sites\university\app\public\wp-content\themes\university-theme\page.php:15
Stack trace:
#0 C:\Users\user_0\Local Sites\university\app\public\wp-includes\template-loader.php(106): include()
#1 C:\Users\user_0\Local Sites\university\app\public\wp-blog-header.php(19): require_once('C:\\Users\\user_0...')
#2 C:\Users\user_0\Local Sites\university\app\public\index.php(17): require('C:\\Users\\user_0...')
#3 {main}
  thrown in C:\Users\user_0\Local Sites\university\app\public\wp-content\themes\university-theme\page.php on line 15
[19-Jan-2022 12:30:35 UTC] PHP Fatal error:  Uncaught Error: Call to undefined function wp_get_post_parentid() in C:\Users\user_0\Local Sites\university\app\public\wp-content\themes\university-theme\page.php:15
Stack trace:
#0 C:\Users\user_0\Local Sites\university\app\public\wp-includes\template-loader.php(106): include()
#1 C:\Users\user_0\Local Sites\university\app\public\wp-blog-header.php(19): require_once('C:\\Users\\user_0...')
#2 C:\Users\user_0\Local Sites\university\app\public\index.php(17): require('C:\\Users\\user_0...')
#3 {main}
  thrown in C:\Users\user_0\Local Sites\university\app\public\wp-content\themes\university-theme\page.php on line 15
